
> portfolio-tracker@0.1.0 build
> next build

▲ Next.js 16.1.6 (Turbopack)

  Creating an optimized production build ...

> Build error occurred
Error: Turbopack build failed with 1 errors:
./src/app/globals.css
Error evaluating Node.js code
Error: Cannot find module '../lightningcss.win32-x64-msvc.node'
Require stack:
- D:\portfolio-tracker\node_modules\lightningcss\node\index.js
- D:\portfolio-tracker\node_modules\@tailwindcss\node\dist\index.js
- D:\portfolio-tracker\node_modules\@tailwindcss\postcss\dist\index.js
- D:\portfolio-tracker\.next\build\chunks\[root-of-the-server]__51225daf._.js
- D:\portfolio-tracker\.next\build\chunks\[turbopack]_runtime.js
- D:\portfolio-tracker\.next\build\postcss.js
    [at Module._resolveFilename (node:internal/modules/cjs/loader:1207:15)]
    [at Module._load (node:internal/modules/cjs/loader:1038:27)]
    [at Module.require (node:internal/modules/cjs/loader:1289:19)]
    [at require (node:internal/modules/helpers:182:18)]
    [at Object.<anonymous> (D:\portfolio-tracker\node_modules\lightningcss\node\index.js:22:22)]
    [at Module._compile (node:internal/modules/cjs/loader:1521:14)]
    [at Module._extensions..js (node:internal/modules/cjs/loader:1623:10)]
    [at Module.load (node:internal/modules/cjs/loader:1266:32)]
    [at Module._load (node:internal/modules/cjs/loader:1091:12)]
    [at Module.require (node:internal/modules/cjs/loader:1289:19)]

Import trace:
  Client Component Browser:
    ./src/app/globals.css [Client Component Browser]
    ./src/app/layout.tsx [Server Component]


    at ignore-listed frames
